Traceback (most recent call last):
  File "/data/qtran/anaconda3/lib/python3.9/site-packages/jupyter_cache/executors/utils.py", line 51, in single_nb_execution
    executenb(
  File "/data/qtran/anaconda3/lib/python3.9/site-packages/nbclient/client.py", line 1204, in execute
    return NotebookClient(nb=nb, resources=resources, km=km, **kwargs).execute()
  File "/data/qtran/anaconda3/lib/python3.9/site-packages/nbclient/util.py", line 84, in wrapped
    return just_run(coro(*args, **kwargs))
  File "/data/qtran/anaconda3/lib/python3.9/site-packages/nbclient/util.py", line 62, in just_run
    return loop.run_until_complete(coro)
  File "/data/qtran/anaconda3/lib/python3.9/asyncio/base_events.py", line 647, in run_until_complete
    return future.result()
  File "/data/qtran/anaconda3/lib/python3.9/site-packages/nbclient/client.py", line 663, in async_execute
    await self.async_execute_cell(
  File "/data/qtran/anaconda3/lib/python3.9/site-packages/nbclient/client.py", line 965, in async_execute_cell
    await self._check_raise_for_error(cell, cell_index, exec_reply)
  File "/data/qtran/anaconda3/lib/python3.9/site-packages/nbclient/client.py", line 862, in _check_raise_for_error
    raise CellExecutionError.from_cell_and_msg(cell, exec_reply_content)
nbclient.exceptions.CellExecutionError: An error occurred while executing the following cell:
------------------
df = folderstats.folderstats(
    train_image3d_folders[0], 
    hash_name='md5',
    filter_extension='gz',
    exclude=["tests", "venv", "__pycache__"],
    ignore_hidden=True)
df
------------------

[0;31m---------------------------------------------------------------------------[0m
[0;31mKeyboardInterrupt[0m                         Traceback (most recent call last)
Input [0;32mIn [3][0m, in [0;36m<cell line: 1>[0;34m()[0m
[0;32m----> 1[0m df [38;5;241m=[39m [43mfolderstats[49m[38;5;241;43m.[39;49m[43mfolderstats[49m[43m([49m
[1;32m      2[0m [43m    [49m[43mtrain_image3d_folders[49m[43m[[49m[38;5;241;43m0[39;49m[43m][49m[43m,[49m[43m [49m
[1;32m      3[0m [43m    [49m[43mhash_name[49m[38;5;241;43m=[39;49m[38;5;124;43m'[39;49m[38;5;124;43mmd5[39;49m[38;5;124;43m'[39;49m[43m,[49m
[1;32m      4[0m [43m    [49m[43mfilter_extension[49m[38;5;241;43m=[39;49m[38;5;124;43m'[39;49m[38;5;124;43mgz[39;49m[38;5;124;43m'[39;49m[43m,[49m
[1;32m      5[0m [43m    [49m[43mexclude[49m[38;5;241;43m=[39;49m[43m[[49m[38;5;124;43m"[39;49m[38;5;124;43mtests[39;49m[38;5;124;43m"[39;49m[43m,[49m[43m [49m[38;5;124;43m"[39;49m[38;5;124;43mvenv[39;49m[38;5;124;43m"[39;49m[43m,[49m[43m [49m[38;5;124;43m"[39;49m[38;5;124;43m__pycache__[39;49m[38;5;124;43m"[39;49m[43m][49m[43m,[49m
[1;32m      6[0m [43m    [49m[43mignore_hidden[49m[38;5;241;43m=[39;49m[38;5;28;43;01mTrue[39;49;00m[43m)[49m
[1;32m      7[0m df

File [0;32m/data/qtran/anaconda3/lib/python3.9/site-packages/folderstats/__init__.py:142[0m, in [0;36mfolderstats[0;34m(folderpath, hash_name, microseconds, absolute_paths, exclude, filter_extension, follow_links, ignore_hidden, parent)[0m
[1;32m    139[0m     hash_name [38;5;241m=[39m hash_name[38;5;241m.[39mlower()
[1;32m    140[0m     columns[38;5;241m.[39mappend(hash_name)
[0;32m--> 142[0m idx, items, foldersize, num_files [38;5;241m=[39m [43m_recursive_folderstats[49m[43m([49m
[1;32m    143[0m [43m    [49m[43mfolderpath[49m[43m,[49m
[1;32m    144[0m [43m    [49m[43mhash_name[49m[38;5;241;43m=[39;49m[43mhash_name[49m[43m,[49m
[1;32m    145[0m [43m    [49m[43mignore_hidden[49m[38;5;241;43m=[39;49m[43mignore_hidden[49m[43m,[49m
[1;32m    146[0m [43m    [49m[43mexclude[49m[38;5;241;43m=[39;49m[43mexclude[49m[43m,[49m
[1;32m    147[0m [43m    [49m[43mfilter_extension[49m[38;5;241;43m=[39;49m[43mfilter_extension[49m[43m,[49m
[1;32m    148[0m [43m    [49m[43mfollow_links[49m[38;5;241;43m=[39;49m[43mfollow_links[49m[43m)[49m
[1;32m    149[0m df [38;5;241m=[39m pd[38;5;241m.[39mDataFrame(items, columns[38;5;241m=[39mcolumns)
[1;32m    151[0m [38;5;28;01mfor[39;00m col [38;5;129;01min[39;00m [[38;5;124m'[39m[38;5;124matime[39m[38;5;124m'[39m, [38;5;124m'[39m[38;5;124mmtime[39m[38;5;124m'[39m, [38;5;124m'[39m[38;5;124mctime[39m[38;5;124m'[39m]:

File [0;32m/data/qtran/anaconda3/lib/python3.9/site-packages/folderstats/__init__.py:76[0m, in [0;36m_recursive_folderstats[0;34m(root_entry, items, hash_name, ignore_hidden, exclude, filter_extension, follow_links, depth, idx, parent_idx)[0m
[1;32m     73[0m stat [38;5;241m=[39m entry[38;5;241m.[39mstat()
[1;32m     74[0m foldersize [38;5;241m+[39m[38;5;241m=[39m stat[38;5;241m.[39mst_size
[0;32m---> 76[0m idx, items, _foldersize, _num_files [38;5;241m=[39m [43m_recursive_folderstats[49m[43m([49m
[1;32m     77[0m [43m    [49m[43mentry[49m[38;5;241;43m.[39;49m[43mpath[49m[43m,[49m[43m [49m[43mitems[49m[43m,[49m[43m [49m[43mhash_name[49m[43m,[49m
[1;32m     78[0m [43m    [49m[43mignore_hidden[49m[43m,[49m[43m [49m[43mexclude[49m[43m,[49m[43m [49m[43mfilter_extension[49m[43m,[49m[43m [49m[43mfollow_links[49m[43m,[49m
[1;32m     79[0m [43m    [49m[43mdepth[49m[43m [49m[38;5;241;43m+[39;49m[43m [49m[38;5;241;43m1[39;49m[43m,[49m[43m [49m[43midx[49m[43m,[49m[43m [49m[43mcurrent_idx[49m[43m)[49m
[1;32m     80[0m foldersize [38;5;241m+[39m[38;5;241m=[39m _foldersize
[1;32m     81[0m num_files [38;5;241m+[39m[38;5;241m=[39m _num_files

File [0;32m/data/qtran/anaconda3/lib/python3.9/site-packages/folderstats/__init__.py:100[0m, in [0;36m_recursive_folderstats[0;34m(root_entry, items, hash_name, ignore_hidden, exclude, filter_extension, follow_links, depth, idx, parent_idx)[0m
[1;32m     98[0m [38;5;28;01mif[39;00m hash_name:
[1;32m     99[0m     [38;5;28;01mif[39;00m os[38;5;241m.[39maccess(entry[38;5;241m.[39mpath, os[38;5;241m.[39mR_OK):
[0;32m--> 100[0m         item[38;5;241m.[39mappend([43mcalculate_hash[49m[43m([49m[43mentry[49m[38;5;241;43m.[39;49m[43mpath[49m[43m,[49m[43m [49m[43mhash_name[49m[43m)[49m)
[1;32m    102[0m items[38;5;241m.[39mappend(item)
[1;32m    103[0m foldersize [38;5;241m+[39m[38;5;241m=[39m stat[38;5;241m.[39mst_size

File [0;32m/data/qtran/anaconda3/lib/python3.9/site-packages/folderstats/__init__.py:23[0m, in [0;36mcalculate_hash[0;34m(filepath, hash_name)[0m
[1;32m     21[0m checksum [38;5;241m=[39m [38;5;28mgetattr[39m(hashlib, hash_name)()
[1;32m     22[0m [38;5;28;01mfor[39;00m chunk [38;5;129;01min[39;00m [38;5;28miter[39m([38;5;28;01mlambda[39;00m: f[38;5;241m.[39mread([38;5;241m4096[39m), [38;5;124mb[39m[38;5;124m'[39m[38;5;124m'[39m):
[0;32m---> 23[0m     [43mchecksum[49m[38;5;241;43m.[39;49m[43mupdate[49m[43m([49m[43mchunk[49m[43m)[49m
[1;32m     25[0m [38;5;28;01mreturn[39;00m checksum[38;5;241m.[39mhexdigest()

[0;31mKeyboardInterrupt[0m: 
KeyboardInterrupt: 

